<?xml version="1.0" encoding="UTF-8"?>
<!-- Generated by org.testng.reporters.JUnitReportReporter -->
<testsuite skipped="0" hostname="SBOSEWIN7B" name="com.brainware.qa.testcases.LoginPageTest" tests="3" failures="0" timestamp="03 Oct 2018 08:28:25 GMT" time="24.044" errors="0">
  <testcase name="crmLogoImageTest" time="8.022" classname="com.brainware.qa.testcases.LoginPageTest"/>
  <testcase name="loginPageTitleTest" time="8.054" classname="com.brainware.qa.testcases.LoginPageTest"/>
  <testcase name="loginTest" time="7.968" classname="com.brainware.qa.testcases.LoginPageTest"/>
</testsuite> <!-- com.brainware.qa.testcases.LoginPageTest -->
