<?xml version="1.0" encoding="UTF-8"?>
<!-- Generated by org.testng.reporters.JUnitReportReporter -->
<testsuite skipped="0" hostname="SBOSEWIN7B" name="com.brainware.qa.testcases.AmountSettingsTest" tests="1" failures="0" timestamp="22 Aug 2018 13:07:20 GMT" time="22.119" errors="0">
  <testcase name="settingAmountFields" time="22.119" classname="com.brainware.qa.testcases.AmountSettingsTest"/>
</testsuite> <!-- com.brainware.qa.testcases.AmountSettingsTest -->
