<?xml version="1.0" encoding="UTF-8"?>
<!-- Generated by org.testng.reporters.JUnitReportReporter -->
<testsuite skipped="0" hostname="SBOSEWIN7B" name="com.brainware.qa.testcases.AmountSettingsTest" tests="1" failures="0" timestamp="03 Oct 2018 08:28:25 GMT" time="19.029" errors="0">
  <testcase name="settingAmountFields" time="19.029" classname="com.brainware.qa.testcases.AmountSettingsTest"/>
</testsuite> <!-- com.brainware.qa.testcases.AmountSettingsTest -->
