<?xml version="1.0" encoding="UTF-8"?>
<!-- Generated by org.testng.reporters.JUnitReportReporter -->
<testsuite skipped="0" hostname="SBOSEWIN7B" name="com.brainware.qa.testcases.ProcessignSettingsTest" tests="2" failures="0" timestamp="20 Aug 2018 13:35:11 GMT" time="11.495" errors="0">
  <testcase name="confirmProcessingPage" time="9.199" classname="com.brainware.qa.testcases.ProcessignSettingsTest"/>
  <testcase name="confirmAmountPage" time="2.296" classname="com.brainware.qa.testcases.ProcessignSettingsTest"/>
</testsuite> <!-- com.brainware.qa.testcases.ProcessignSettingsTest -->
