<?xml version="1.0" encoding="UTF-8"?>
<!-- Generated by org.testng.reporters.JUnitReportReporter -->
<testsuite skipped="0" hostname="SBOSEWIN7B" name="com.brainware.qa.testdata.connectSQL" tests="1" failures="0" timestamp="13 Jul 2018 08:52:23 GMT" time="3.106" errors="0">
  <testcase name="conDB" time="3.106" classname="com.brainware.qa.testdata.connectSQL"/>
</testsuite> <!-- com.brainware.qa.testdata.connectSQL -->
