<?xml version="1.0" encoding="UTF-8"?>
<!-- Generated by org.testng.reporters.JUnitReportReporter -->
<testsuite skipped="0" hostname="SBOSEWIN7B" name="com.brainware.qa.util.ReadData" tests="1" failures="0" timestamp="22 Aug 2018 11:11:52 GMT" time="0.470" errors="0">
  <testcase name="f" time="0.470" classname="com.brainware.qa.util.ReadData"/>
</testsuite> <!-- com.brainware.qa.util.ReadData -->
