<?xml version="1.0" encoding="UTF-8"?>
<!-- Generated by org.testng.reporters.JUnitReportReporter -->
<testsuite skipped="0" hostname="SBOSEWIN7B" name="com.brainware.qa.testcases.LoginPageTest" tests="3" failures="0" timestamp="27 Aug 2018 08:27:28 GMT" time="24.654" errors="0">
  <testcase name="loginPageTitleTest" time="7.616" classname="com.brainware.qa.testcases.LoginPageTest"/>
  <testcase name="crmLogoImageTest" time="9.180" classname="com.brainware.qa.testcases.LoginPageTest"/>
  <testcase name="loginTest" time="7.858" classname="com.brainware.qa.testcases.LoginPageTest"/>
</testsuite> <!-- com.brainware.qa.testcases.LoginPageTest -->
