<?xml version="1.0" encoding="UTF-8"?>
<!-- Generated by org.testng.reporters.JUnitReportReporter -->
<testsuite skipped="0" hostname="SBOSEWIN7B" name="com.brainware.qa.testcases.ProcessignSettingsTest" tests="1" failures="0" timestamp="27 Aug 2018 08:27:28 GMT" time="3.130" errors="0">
  <testcase name="confirmProcessingPage" time="3.130" classname="com.brainware.qa.testcases.ProcessignSettingsTest"/>
</testsuite> <!-- com.brainware.qa.testcases.ProcessignSettingsTest -->
